2022-01-06 19:43:56.6270000 [client] INFO Searching for server executables haskell-language-server-wrapper,haskell-language-server in $PATH
2022-01-06 19:43:56.6270000 [client] INFO $PATH environment variable: /home/vvcaw/.emacs.d/bin:/home/vvcaw/.cargo/bin:/usr/local/sbin:/usr/local/bin:/usr/bin:/usr/bin/site_perl:/usr/bin/vendor_perl:/usr/bin/core_perl
2022-01-06 19:43:56.6310000 [client] INFO Found server executable in $PATH: haskell-language-server-wrapper
2022-01-06 19:43:56.6310000 [client] INFO Activating the language server in working dir: /home/vvcaw/dev/BWINF/Aufgabe2 (the workspace folder)
2022-01-06 19:43:56.6310000 [client] INFO run command: haskell-language-server-wrapper --lsp
2022-01-06 19:43:56.6310000 [client] INFO debug command: haskell-language-server-wrapper --lsp
2022-01-06 19:43:56.6310000 [client] INFO server environment variables:
2022-01-06 19:43:56.6360000 [client] INFO Starting language server
No 'hie.yaml' found. Try to discover the project type!
Run entered for haskell-language-server-wrapper(haskell-language-server-wrapper) Version 1.3.0.0 x86_64 ghc-9.0.1
Current directory: /home/vvcaw/dev/BWINF/Aufgabe2
Operating system: linux
Arguments: ["--lsp"]
Cradle directory: /home/vvcaw/dev/BWINF/Aufgabe2
Cradle type: Default

Tool versions found on the $PATH
cabal:		Not found
stack:		2.7.3
ghc:		9.0.1


Consulting the cradle to get project GHC version...
Project GHC version: 9.0.1
haskell-language-server exe candidates: ["haskell-language-server-9.0.1","haskell-language-server"]
Launching haskell-language-server exe at:/usr/bin/haskell-language-server
haskell-language-server version: 1.3.0.0 (GHC: 9.0.1) (PATH: /usr/bin/haskell-language-server)
Starting (haskell-language-server)LSP server...
  with arguments: GhcideArguments {argsCommand = LSP, argsCwd = Nothing, argsShakeProfiling = Nothing, argsTesting = False, argsExamplePlugin = False, argsDebugOn = False, argsLogFile = Nothing, argsThreads = 0, argsProjectGhcVersion = False}
  with plugins: [PluginId "pragmas",PluginId "floskell",PluginId "fourmolu",PluginId "ormolu",PluginId "stylish-haskell",PluginId "retrie",PluginId "callHierarchy",PluginId "haddockComments",PluginId "eval",PluginId "importLens",PluginId "moduleName",PluginId "hlint",PluginId "ghcide-hover-and-symbols",PluginId "ghcide-code-actions-imports-exports",PluginId "ghcide-code-actions-type-signatures",PluginId "ghcide-code-actions-bindings",PluginId "ghcide-code-actions-fill-holes",PluginId "ghcide-completions",PluginId "ghcide-type-lenses",PluginId "ghcide-core"]
  in directory: /home/vvcaw/dev/BWINF/Aufgabe2
 Starting LSP server...
If you are seeing this in a terminal, you probably should have run WITHOUT the --lsp option!
Started LSP server in 0.05s
setInitialDynFlags cradle: Cradle {cradleRootDir = "/home/vvcaw/dev/BWINF/Aufgabe2", cradleOptsProg = CradleAction: Default}
Currently, HLS supports GHC 9 only partially. See [issue #297](https://github.com/haskell/haskell-language-server/issues/297) for more detail.
2022-01-06 20:43:58.048551026 [ThreadId 5] INFO hls:	Registering ide configuration: IdeConfiguration {workspaceFolders = fromList [NormalizedUri (-3688132169937626545) "file:///home/vvcaw/dev/BWINF/Aufgabe2"], clientSettings = hashed Nothing}
2022-01-06 20:43:58.102590855 [ThreadId 68] INFO hls:	Consulting the cradle for "Main.hs"
2022-01-06 20:43:58.102701491 [ThreadId 68] WARNING hls:	No [cradle](https://github.com/mpickering/hie-bios#hie-bios) found for Main.hs.
 Proceeding with [implicit cradle](https://hackage.haskell.org/package/implicit-hie).
You should ignore this message, unless you see a 'Multi Cradle: No prefixes matched' error.
Output from setting up the cradle Cradle {cradleRootDir = "/home/vvcaw/dev/BWINF/Aufgabe2", cradleOptsProg = CradleAction: Default}
2022-01-06 20:43:58.201567782 [ThreadId 68] INFO hls:	Using interface files cache dir: /home/vvcaw/.cache/ghcide/main-1a596a151463f2c53ee4feb14ecd276a1ccebfda
2022-01-06 20:43:58.201793283 [ThreadId 68] INFO hls:	Making new HscEnv[main]
2022-01-06 20:43:58.221462826 [ThreadId 128] INFO hls:	finish: Outline (took 0.00s)
2022-01-06 20:43:58.317690085 [ThreadId 173] INFO hls:	finish: ModuleName.ghcSession (took 0.00s)
2022-01-06 20:43:58.317596812 [ThreadId 171] INFO hls:	finish: codeLens.TypeCheck (took 0.00s)
2022-01-06 20:43:58.317919569 [ThreadId 179] INFO hls:	finish: ModuleName.GetParsedModule (took 0.00s)
2022-01-06 20:43:58.317912036 [ThreadId 177] INFO hls:	finish:  (took 0.00s)
2022-01-06 20:43:58.318202737 [ThreadId 184] INFO hls:	finish: eval.GetParsedModuleWithComments (took 0.00s)
2022-01-06 20:43:58.318594391 [ThreadId 186] INFO hls:	finish: codeLens.GetBindings (took 0.00s)
2022-01-06 20:43:58.318786429 [ThreadId 191] INFO hls:	finish: codeLens.GetGlobalBindingTypeSigs (took 0.00s)
2022-01-06 20:43:59.679586748 [ThreadId 200] INFO hls:	finish: ModuleName.ghcSession (took 0.00s)
2022-01-06 20:43:59.680119834 [ThreadId 202] INFO hls:	finish: ModuleName.GetParsedModule (took 0.00s)
2022-01-06 20:43:59.946276809 [ThreadId 269] INFO hls:	finish: ModuleName.ghcSession (took 0.00s)
2022-01-06 20:43:59.946320662 [ThreadId 267] INFO hls:	finish: codeLens.TypeCheck (took 0.00s)
2022-01-06 20:43:59.947136294 [ThreadId 275] INFO hls:	finish: ModuleName.GetParsedModule (took 0.00s)
2022-01-06 20:43:59.947398046 [ThreadId 280] INFO hls:	finish:  (took 0.00s)
2022-01-06 20:43:59.947432199 [ThreadId 281] INFO hls:	finish: codeLens.GetBindings (took 0.00s)
2022-01-06 20:43:59.947577119 [ThreadId 285] INFO hls:	finish: codeLens.GetGlobalBindingTypeSigs (took 0.00s)
2022-01-06 20:43:59.947702702 [ThreadId 286] INFO hls:	finish: eval.GetParsedModuleWithComments (took 0.00s)
2022-01-06 20:44:00.042498532 [ThreadId 292] INFO hls:	finish: Outline (took 0.00s)
2022-01-06 20:44:04.495293858 [ThreadId 369] INFO hls:	finish: codeLens.TypeCheck (took 0.00s)
2022-01-06 20:44:04.495539868 [ThreadId 375] INFO hls:	finish: ModuleName.ghcSession (took 0.00s)
2022-01-06 20:44:04.496132936 [ThreadId 380] INFO hls:	finish:  (took 0.00s)
2022-01-06 20:44:04.496327474 [ThreadId 381] INFO hls:	finish: ModuleName.GetParsedModule (took 0.00s)
2022-01-06 20:44:04.496572221 [ThreadId 384] INFO hls:	finish: eval.GetParsedModuleWithComments (took 0.00s)
2022-01-06 20:44:04.496821228 [ThreadId 385] INFO hls:	finish: codeLens.GetBindings (took 0.00s)
2022-01-06 20:44:04.49749695 [ThreadId 389] INFO hls:	finish: codeLens.GetGlobalBindingTypeSigs (took 0.00s)
2022-01-06 20:44:04.593901234 [ThreadId 395] INFO hls:	finish: Outline (took 0.00s)
2022-01-06 20:44:05.796423969 [ThreadId 646] INFO hls:	finish: codeLens.TypeCheck (took 0.00s)
2022-01-06 20:44:05.79652265 [ThreadId 652] INFO hls:	finish: ModuleName.ghcSession (took 0.00s)
2022-01-06 20:44:05.796720228 [ThreadId 657] INFO hls:	finish: ModuleName.GetParsedModule (took 0.00s)
2022-01-06 20:44:05.796791504 [ThreadId 659] INFO hls:	finish:  (took 0.00s)
2022-01-06 20:44:05.79688701 [ThreadId 661] INFO hls:	finish: eval.GetParsedModuleWithComments (took 0.00s)
2022-01-06 20:44:05.796902865 [ThreadId 662] INFO hls:	finish: codeLens.GetBindings (took 0.00s)
2022-01-06 20:44:05.79707999 [ThreadId 666] INFO hls:	finish: codeLens.GetGlobalBindingTypeSigs (took 0.00s)
2022-01-06 20:44:05.848470093 [ThreadId 680] INFO hls:	finish: Pragmas.GetParsedModule (took 0.00s)
2022-01-06 20:44:05.84889652 [ThreadId 685] INFO hls:	finish: HaddockComments.GetAnnotatedParsedSource (took 0.00s)
2022-01-06 20:44:05.85135403 [ThreadId 686] INFO hls:	finish: importLens (took 0.00s)
2022-01-06 20:44:05.851374101 [ThreadId 688] INFO hls:	finish: Pragmas.GetFileContents (took 0.00s)
2022-01-06 20:44:05.85141604 [ThreadId 690] INFO hls:	finish: retrie (took 0.00s)
2022-01-06 20:44:05.85156531 [ThreadId 691] INFO hls:	finish: GhcideCodeActions.GetFileContents (took 0.00s)
2022-01-06 20:44:05.851511231 [ThreadId 692] INFO hls:	finish: GhcideCodeActions.GetGlobalBindingTypeSigs (took 0.00s)
2022-01-06 20:44:05.851891056 [ThreadId 694] INFO hls:	finish: GhcideCodeActions.GhcSession (took 0.00s)
2022-01-06 20:44:05.852106694 [ThreadId 696] INFO hls:	finish: GhcideCodeActions.TypeCheck (took 0.00s)
2022-01-06 20:44:05.852183751 [ThreadId 698] INFO hls:	finish: GhcideCodeActions.GetAnnotatedParsedSource (took 0.00s)
2022-01-06 20:44:05.852318172 [ThreadId 700] INFO hls:	finish: GhcideCodeActions.GetBindings (took 0.00s)
2022-01-06 20:44:05.85252296 [ThreadId 702] INFO hls:	finish: GhcideCodeActions.getIdeOptions (took 0.00s)
2022-01-06 20:44:05.852621114 [ThreadId 704] INFO hls:	finish: GhcideCodeActions.GetParsedModule (took 0.00s)
2022-01-06 20:44:05.852742645 [ThreadId 706] INFO hls:	finish: GhcideCodeActions.GetParsedModule (took 0.00s)
2022-01-06 20:44:05.852832209 [ThreadId 710] INFO hls:	finish: GhcideCodeActions.GetFileContents (took 0.00s)
2022-01-06 20:44:05.852779704 [ThreadId 708] INFO hls:	finish: GhcideCodeActions.GetAnnotatedParsedSource (took 0.00s)
2022-01-06 20:44:05.896338359 [ThreadId 716] INFO hls:	finish: Outline (took 0.00s)
2022-01-06 20:44:07.173315314 [ThreadId 878] INFO hls:	finish: codeLens.TypeCheck (took 0.00s)
2022-01-06 20:44:07.173361007 [ThreadId 884] INFO hls:	finish: ModuleName.ghcSession (took 0.00s)
2022-01-06 20:44:07.173737646 [ThreadId 890] INFO hls:	finish: ModuleName.GetParsedModule (took 0.00s)
2022-01-06 20:44:07.173995289 [ThreadId 893] INFO hls:	finish:  (took 0.00s)
2022-01-06 20:44:07.174033638 [ThreadId 894] INFO hls:	finish: eval.GetParsedModuleWithComments (took 0.00s)
2022-01-06 20:44:07.174072536 [ThreadId 895] INFO hls:	finish: codeLens.GetBindings (took 0.00s)
2022-01-06 20:44:07.1741319 [ThreadId 899] INFO hls:	finish: codeLens.GetGlobalBindingTypeSigs (took 0.00s)
2022-01-06 20:44:07.194134411 [ThreadId 915] INFO hls:	finish: GhcideCodeActions.GetGlobalBindingTypeSigs (took 0.00s)
2022-01-06 20:44:07.194154498 [ThreadId 919] INFO hls:	finish: importLens (took 0.00s)
2022-01-06 20:44:07.19412213 [ThreadId 913] INFO hls:	finish: GhcideCodeActions.GetFileContents (took 0.00s)
2022-01-06 20:44:07.194296208 [ThreadId 920] INFO hls:	finish: retrie (took 0.00s)
2022-01-06 20:44:07.194290703 [ThreadId 917] INFO hls:	finish: Pragmas.GetParsedModule (took 0.00s)
2022-01-06 20:44:07.194547403 [ThreadId 918] INFO hls:	finish: GhcideCodeActions.GhcSession (took 0.00s)
2022-01-06 20:44:07.19465913 [ThreadId 919] INFO hls:	finish: GhcideCodeActions.TypeCheck (took 0.00s)
2022-01-06 20:44:07.194800273 [ThreadId 913] INFO hls:	finish: Pragmas.GetFileContents (took 0.00s)
2022-01-06 20:44:07.194863176 [ThreadId 922] INFO hls:	finish: HaddockComments.GetAnnotatedParsedSource (took 0.00s)
2022-01-06 20:44:07.194845173 [ThreadId 921] INFO hls:	finish: GhcideCodeActions.GetAnnotatedParsedSource (took 0.00s)
2022-01-06 20:44:07.195546411 [ThreadId 923] INFO hls:	finish: GhcideCodeActions.GetBindings (took 0.00s)
2022-01-06 20:44:07.195580343 [ThreadId 925] INFO hls:	finish: GhcideCodeActions.getIdeOptions (took 0.00s)
2022-01-06 20:44:07.195622158 [ThreadId 927] INFO hls:	finish: GhcideCodeActions.GetParsedModule (took 0.00s)
2022-01-06 20:44:07.195642197 [ThreadId 929] INFO hls:	finish: GhcideCodeActions.GetParsedModule (took 0.00s)
2022-01-06 20:44:07.195686491 [ThreadId 931] INFO hls:	finish: GhcideCodeActions.GetFileContents (took 0.00s)
2022-01-06 20:44:07.27312786 [ThreadId 937] INFO hls:	finish: Outline (took 0.00s)
2022-01-06 20:44:07.989286187 [ThreadId 1079] INFO hls:	finish: Pragmas.GetParsedModule (took 0.00s)
2022-01-06 20:44:07.989308727 [ThreadId 1084] INFO hls:	finish: retrie (took 0.00s)
2022-01-06 20:44:07.989313439 [ThreadId 1085] INFO hls:	finish: importLens (took 0.00s)
2022-01-06 20:44:07.989377166 [ThreadId 1077] INFO hls:	finish: ModuleName.ghcSession (took 0.00s)
2022-01-06 20:44:07.989397831 [ThreadId 1086] INFO hls:	finish: GhcideCodeActions.getParsedModule (took 0.00s)
2022-01-06 20:44:07.989401115 [ThreadId 1083] INFO hls:	finish:  (took 0.00s)
2022-01-06 20:44:07.989441864 [ThreadId 1079] INFO hls:	finish: codeLens.TypeCheck (took 0.00s)
2022-01-06 20:44:07.98954098 [ThreadId 1084] INFO hls:	finish: eval.GetParsedModuleWithComments (took 0.00s)
2022-01-06 20:44:07.989662585 [ThreadId 1085] INFO hls:	finish: Pragmas.GetFileContents (took 0.00s)
2022-01-06 20:44:07.989730524 [ThreadId 1077] INFO hls:	finish: ModuleName.GetParsedModule (took 0.00s)
2022-01-06 20:44:07.989865004 [ThreadId 1087] INFO hls:	finish: HaddockComments.GetAnnotatedParsedSource (took 0.00s)
2022-01-06 20:44:07.989887574 [ThreadId 1088] INFO hls:	finish: codeLens.GetBindings (took 0.00s)
2022-01-06 20:44:07.99003422 [ThreadId 1093] INFO hls:	finish: codeLens.GetGlobalBindingTypeSigs (took 0.00s)
2022-01-06 20:44:08.625536787 [ThreadId 1248] INFO hls:	finish: codeLens.TypeCheck (took 0.00s)
2022-01-06 20:44:08.625786893 [ThreadId 1253] INFO hls:	finish: eval.GetParsedModuleWithComments (took 0.00s)
2022-01-06 20:44:08.626090218 [ThreadId 1259] INFO hls:	finish:  (took 0.00s)
2022-01-06 20:44:08.626146458 [ThreadId 1257] INFO hls:	finish: ModuleName.ghcSession (took 0.00s)
2022-01-06 20:44:08.62627911 [ThreadId 1265] INFO hls:	finish: codeLens.GetBindings (took 0.00s)
2022-01-06 20:44:08.626338013 [ThreadId 1263] INFO hls:	finish: ModuleName.GetParsedModule (took 0.00s)
2022-01-06 20:44:08.626462954 [ThreadId 1269] INFO hls:	finish: codeLens.GetGlobalBindingTypeSigs (took 0.00s)
2022-01-06 20:44:08.635646602 [ThreadId 1277] INFO hls:	finish: GhcideCodeActions.GetAnnotatedParsedSource (took 0.00s)
2022-01-06 20:44:08.635673263 [ThreadId 1276] INFO hls:	finish: GhcideCodeActions.GetAnnotatedParsedSource (took 0.00s)
2022-01-06 20:44:08.635796298 [ThreadId 1278] INFO hls:	finish: GhcideCodeActions.GetParsedModule (took 0.00s)
2022-01-06 20:44:08.635874632 [ThreadId 1280] INFO hls:	finish: GhcideCodeActions.GetParsedModule (took 0.00s)
2022-01-06 20:44:08.636155118 [ThreadId 1282] INFO hls:	finish: GhcideCodeActions.GetFileContents (took 0.00s)
2022-01-06 20:44:08.636161355 [ThreadId 1284] INFO hls:	finish: GhcideCodeActions.GetFileContents (took 0.00s)
2022-01-06 20:44:08.636364062 [ThreadId 1286] INFO hls:	finish: GhcideCodeActions.getParsedModule (took 0.00s)
2022-01-06 20:44:08.636374811 [ThreadId 1288] INFO hls:	finish: GhcideCodeActions.getParsedModule (took 0.00s)
2022-01-06 20:44:08.653046543 [ThreadId 1304] INFO hls:	finish: GhcideCodeActions.GetGlobalBindingTypeSigs (took 0.00s)
2022-01-06 20:44:08.653113019 [ThreadId 1306] INFO hls:	finish: Pragmas.GetParsedModule (took 0.00s)
2022-01-06 20:44:08.653160473 [ThreadId 1308] INFO hls:	finish: HaddockComments.GetAnnotatedParsedSource (took 0.00s)
2022-01-06 20:44:08.653171492 [ThreadId 1311] INFO hls:	finish: GhcideCodeActions.GetFileContents (took 0.00s)
2022-01-06 20:44:08.653208268 [ThreadId 1310] INFO hls:	finish: GhcideCodeActions.GhcSession (took 0.00s)
2022-01-06 20:44:08.653267972 [ThreadId 1304] INFO hls:	finish: retrie (took 0.00s)
2022-01-06 20:44:08.653314644 [ThreadId 1306] INFO hls:	finish: Pragmas.GetFileContents (took 0.00s)
2022-01-06 20:44:08.65319205 [ThreadId 1309] INFO hls:	finish: importLens (took 0.00s)
2022-01-06 20:44:08.653488089 [ThreadId 1308] INFO hls:	finish: GhcideCodeActions.TypeCheck (took 0.00s)
2022-01-06 20:44:08.653560289 [ThreadId 1311] INFO hls:	finish: GhcideCodeActions.GetAnnotatedParsedSource (took 0.00s)
2022-01-06 20:44:08.653640712 [ThreadId 1310] INFO hls:	finish: GhcideCodeActions.GetAnnotatedParsedSource (took 0.00s)
2022-01-06 20:44:08.653665829 [ThreadId 1304] INFO hls:	finish: GhcideCodeActions.GetBindings (took 0.00s)
2022-01-06 20:44:08.653824576 [ThreadId 1309] INFO hls:	finish: GhcideCodeActions.GetParsedModule (took 0.00s)
2022-01-06 20:44:08.653860702 [ThreadId 1311] INFO hls:	finish: GhcideCodeActions.GetParsedModule (took 0.00s)
2022-01-06 20:44:08.653812926 [ThreadId 1306] INFO hls:	finish: GhcideCodeActions.getIdeOptions (took 0.00s)
2022-01-06 20:44:08.653944825 [ThreadId 1312] INFO hls:	finish: GhcideCodeActions.GetFileContents (took 0.00s)
2022-01-06 20:44:08.653955349 [ThreadId 1314] INFO hls:	finish: GhcideCodeActions.GetFileContents (took 0.00s)
2022-01-06 20:44:08.653966875 [ThreadId 1313] INFO hls:	finish: GhcideCodeActions.GetParsedModule (took 0.00s)
2022-01-06 20:44:08.654116233 [ThreadId 1315] INFO hls:	finish: GhcideCodeActions.getParsedModule (took 0.00s)
2022-01-06 20:44:08.830779431 [ThreadId 1370] INFO hls:	finish: Outline (took 0.00s)
2022-01-06 20:44:09.037180619 [ThreadId 1386] INFO hls:	finish: codeLens.TypeCheck (took 0.00s)
2022-01-06 20:44:09.037286294 [ThreadId 1393] INFO hls:	finish: ModuleName.ghcSession (took 0.00s)
2022-01-06 20:44:09.037404048 [ThreadId 1391] INFO hls:	finish:  (took 0.00s)
2022-01-06 20:44:09.037500235 [ThreadId 1395] INFO hls:	finish: codeLens.GetBindings (took 0.00s)
2022-01-06 20:44:09.037540252 [ThreadId 1392] INFO hls:	finish: eval.GetParsedModuleWithComments (took 0.00s)
2022-01-06 20:44:09.037848259 [ThreadId 1386] INFO hls:	finish: ModuleName.GetParsedModule (took 0.00s)
2022-01-06 20:44:09.037986636 [ThreadId 1393] INFO hls:	finish: codeLens.GetGlobalBindingTypeSigs (took 0.00s)
2022-01-06 20:44:09.136861086 [ThreadId 1402] INFO hls:	finish: Outline (took 0.00s)
2022-01-06 20:44:09.788108917 [ThreadId 1617] INFO hls:	finish: codeLens.TypeCheck (took 0.00s)
2022-01-06 20:44:09.788262344 [ThreadId 1615] INFO hls:	finish: ModuleName.ghcSession (took 0.00s)
2022-01-06 20:44:09.788584803 [ThreadId 1625] INFO hls:	finish: codeLens.GetBindings (took 0.00s)
2022-01-06 20:44:09.788590636 [ThreadId 1626] INFO hls:	finish: ModuleName.GetParsedModule (took 0.00s)
2022-01-06 20:44:09.788622576 [ThreadId 1624] INFO hls:	finish:  (took 0.00s)
2022-01-06 20:44:09.788635114 [ThreadId 1623] INFO hls:	finish: eval.GetParsedModuleWithComments (took 0.00s)
2022-01-06 20:44:09.788776257 [ThreadId 1631] INFO hls:	finish: codeLens.GetGlobalBindingTypeSigs (took 0.00s)
2022-01-06 20:44:10.203586655 [ThreadId 1751] INFO hls:	finish: ModuleName.ghcSession (took 0.00s)
2022-01-06 20:44:10.203643645 [ThreadId 1745] INFO hls:	finish: codeLens.TypeCheck (took 0.00s)
2022-01-06 20:44:10.203947544 [ThreadId 1755] INFO hls:	finish: ModuleName.GetParsedModule (took 0.00s)
2022-01-06 20:44:10.204134584 [ThreadId 1753] INFO hls:	finish:  (took 0.00s)
2022-01-06 20:44:10.204194531 [ThreadId 1754] INFO hls:	finish: codeLens.GetBindings (took 0.00s)
2022-01-06 20:44:10.204412248 [ThreadId 1756] INFO hls:	finish: eval.GetParsedModuleWithComments (took 0.00s)
2022-01-06 20:44:10.204731827 [ThreadId 1760] INFO hls:	finish: codeLens.GetGlobalBindingTypeSigs (took 0.00s)
2022-01-06 20:44:10.205032925 [ThreadId 1775] INFO hls:	finish: Pragmas.GetParsedModule (took 0.00s)
2022-01-06 20:44:10.205014101 [ThreadId 1773] INFO hls:	finish: GhcideCodeActions.getParsedModule (took 0.00s)
2022-01-06 20:44:10.205253663 [ThreadId 1781] INFO hls:	finish: HaddockComments.GetAnnotatedParsedSource (took 0.00s)
2022-01-06 20:44:10.20528853 [ThreadId 1780] INFO hls:	finish: retrie (took 0.00s)
2022-01-06 20:44:10.205504393 [ThreadId 1783] INFO hls:	finish: importLens (took 0.00s)
2022-01-06 20:44:10.205576348 [ThreadId 1785] INFO hls:	finish: Pragmas.GetFileContents (took 0.00s)
2022-01-06 20:44:10.304977231 [ThreadId 1792] INFO hls:	finish: Outline (took 0.00s)
2022-01-06 20:44:10.61451995 [ThreadId 1857] INFO hls:	finish: codeLens.TypeCheck (took 0.00s)
2022-01-06 20:44:10.614706217 [ThreadId 1863] INFO hls:	finish: ModuleName.ghcSession (took 0.00s)
2022-01-06 20:44:10.615439168 [ThreadId 1867] INFO hls:	finish: ModuleName.GetParsedModule (took 0.00s)
2022-01-06 20:44:10.616302049 [ThreadId 1871] INFO hls:	finish: codeLens.GetBindings (took 0.00s)
2022-01-06 20:44:10.616170161 [ThreadId 1870] INFO hls:	finish:  (took 0.00s)
2022-01-06 20:44:10.616274454 [ThreadId 1872] INFO hls:	finish: eval.GetParsedModuleWithComments (took 0.00s)
2022-01-06 20:44:10.616825918 [ThreadId 1876] INFO hls:	finish: codeLens.GetGlobalBindingTypeSigs (took 0.00s)
2022-01-06 20:44:10.713939013 [ThreadId 1882] INFO hls:	finish: Outline (took 0.00s)
2022-01-06 20:44:12.088456278 [ThreadId 2343] INFO hls:	finish: ModuleName.ghcSession (took 0.00s)
2022-01-06 20:44:12.088604259 [ThreadId 2345] INFO hls:	finish: codeLens.TypeCheck (took 0.00s)
2022-01-06 20:44:12.088816889 [ThreadId 2348] INFO hls:	finish:  (took 0.00s)
2022-01-06 20:44:12.089009759 [ThreadId 2351] INFO hls:	finish: eval.GetParsedModuleWithComments (took 0.00s)
2022-01-06 20:44:12.089283667 [ThreadId 2353] INFO hls:	finish: codeLens.GetBindings (took 0.00s)
2022-01-06 20:44:12.08911858 [ThreadId 2350] INFO hls:	finish: ModuleName.GetParsedModule (took 0.00s)
2022-01-06 20:44:12.089718351 [ThreadId 2357] INFO hls:	finish: codeLens.GetGlobalBindingTypeSigs (took 0.00s)
2022-01-06 20:44:12.517810947 [ThreadId 2516] INFO hls:	finish: codeLens.TypeCheck (took 0.00s)
2022-01-06 20:44:12.51801338 [ThreadId 2523] INFO hls:	finish: ModuleName.ghcSession (took 0.00s)
2022-01-06 20:44:12.518085439 [ThreadId 2525] INFO hls:	finish: codeLens.GetBindings (took 0.00s)
2022-01-06 20:44:12.518177714 [ThreadId 2526] INFO hls:	finish:  (took 0.00s)
2022-01-06 20:44:12.51824719 [ThreadId 2527] INFO hls:	finish: ModuleName.GetParsedModule (took 0.00s)
2022-01-06 20:44:12.51829478 [ThreadId 2529] INFO hls:	finish: codeLens.GetGlobalBindingTypeSigs (took 0.00s)
2022-01-06 20:44:12.518301602 [ThreadId 2528] INFO hls:	finish: eval.GetParsedModuleWithComments (took 0.00s)
2022-01-06 20:44:12.585675822 [ThreadId 2543] INFO hls:	finish: Pragmas.GetParsedModule (took 0.00s)
2022-01-06 20:44:12.585801288 [ThreadId 2547] INFO hls:	finish: GhcideCodeActions.GetFileContents (took 0.00s)
2022-01-06 20:44:12.585812186 [ThreadId 2549] INFO hls:	finish: GhcideCodeActions.GetGlobalBindingTypeSigs (took 0.00s)
2022-01-06 20:44:12.586069633 [ThreadId 2552] INFO hls:	finish: GhcideCodeActions.GhcSession (took 0.00s)
2022-01-06 20:44:12.586098109 [ThreadId 2554] INFO hls:	finish: HaddockComments.GetAnnotatedParsedSource (took 0.00s)
2022-01-06 20:44:12.586280033 [ThreadId 2555] INFO hls:	finish: retrie (took 0.00s)
2022-01-06 20:44:12.586291063 [ThreadId 2557] INFO hls:	finish: importLens (took 0.00s)
2022-01-06 20:44:12.586336584 [ThreadId 2559] INFO hls:	finish: Pragmas.GetFileContents (took 0.00s)
2022-01-06 20:44:12.58632623 [ThreadId 2561] INFO hls:	finish: GhcideCodeActions.TypeCheck (took 0.00s)
2022-01-06 20:44:12.58634669 [ThreadId 2563] INFO hls:	finish: GhcideCodeActions.GetAnnotatedParsedSource (took 0.00s)
2022-01-06 20:44:12.586392769 [ThreadId 2555] INFO hls:	finish: GhcideCodeActions.GetAnnotatedParsedSource (took 0.00s)
2022-01-06 20:44:12.586460284 [ThreadId 2565] INFO hls:	finish: GhcideCodeActions.getIdeOptions (took 0.00s)
2022-01-06 20:44:12.586477094 [ThreadId 2567] INFO hls:	finish: GhcideCodeActions.GetParsedModule (took 0.00s)
2022-01-06 20:44:12.586502337 [ThreadId 2569] INFO hls:	finish: GhcideCodeActions.GetAnnotatedParsedSource (took 0.00s)
2022-01-06 20:44:12.586403026 [ThreadId 2564] INFO hls:	finish: GhcideCodeActions.GetBindings (took 0.00s)
2022-01-06 20:44:12.586523242 [ThreadId 2571] INFO hls:	finish: GhcideCodeActions.GetFileContents (took 0.00s)
2022-01-06 20:44:12.586703468 [ThreadId 2573] INFO hls:	finish: GhcideCodeActions.GetParsedModule (took 0.00s)
2022-01-06 20:44:12.586812763 [ThreadId 2575] INFO hls:	finish: GhcideCodeActions.GetParsedModule (took 0.00s)
2022-01-06 20:44:12.586858338 [ThreadId 2577] INFO hls:	finish: GhcideCodeActions.GetFileContents (took 0.00s)
2022-01-06 20:44:12.587691451 [ThreadId 2579] INFO hls:	finish: GhcideCodeActions.TypeCheck (took 0.00s)
2022-01-06 20:44:12.58772276 [ThreadId 2581] INFO hls:	finish: GhcideCodeActions.GetHieAst (took 0.00s)
2022-01-06 20:44:12.588328044 [ThreadId 2583] INFO hls:	finish: GhcideCodeActions.getParsedModule (took 0.00s)
2022-01-06 20:44:12.617668081 [ThreadId 2590] INFO hls:	finish: Outline (took 0.00s)
2022-01-06 20:44:13.108609404 [ThreadId 2674] INFO hls:	finish: codeLens.TypeCheck (took 0.00s)
2022-01-06 20:44:13.108813973 [ThreadId 2680] INFO hls:	finish: ModuleName.ghcSession (took 0.00s)
2022-01-06 20:44:13.109046574 [ThreadId 2683] INFO hls:	finish: codeLens.GetBindings (took 0.00s)
2022-01-06 20:44:13.109728496 [ThreadId 2680] INFO hls:	finish: ModuleName.GetParsedModule (took 0.00s)
2022-01-06 20:44:13.109665162 [ThreadId 2684] INFO hls:	finish:  (took 0.00s)
2022-01-06 20:44:13.11006734 [ThreadId 2686] INFO hls:	finish: codeLens.GetGlobalBindingTypeSigs (took 0.00s)
2022-01-06 20:44:13.110101375 [ThreadId 2687] INFO hls:	finish: eval.GetParsedModuleWithComments (took 0.00s)
2022-01-06 20:44:13.121742397 [ThreadId 2701] INFO hls:	finish: GhcideCodeActions.GetFileContents (took 0.00s)
2022-01-06 20:44:13.121871339 [ThreadId 2703] INFO hls:	finish: GhcideCodeActions.GetGlobalBindingTypeSigs (took 0.00s)
2022-01-06 20:44:13.124905526 [ThreadId 2707] INFO hls:	finish: Pragmas.GetParsedModule (took 0.00s)
2022-01-06 20:44:13.125186317 [ThreadId 2709] INFO hls:	finish: GhcideCodeActions.GhcSession (took 0.00s)
2022-01-06 20:44:13.125298723 [ThreadId 2712] INFO hls:	finish: GhcideCodeActions.TypeCheck (took 0.00s)
2022-01-06 20:44:13.125355812 [ThreadId 2703] INFO hls:	finish: retrie (took 0.00s)
2022-01-06 20:44:13.125430065 [ThreadId 2713] INFO hls:	finish: HaddockComments.GetAnnotatedParsedSource (took 0.00s)
2022-01-06 20:44:13.125417205 [ThreadId 2711] INFO hls:	finish: importLens (took 0.00s)
2022-01-06 20:44:13.125483164 [ThreadId 2707] INFO hls:	finish: GhcideCodeActions.GetAnnotatedParsedSource (took 0.00s)
2022-01-06 20:44:13.125493092 [ThreadId 2709] INFO hls:	finish: Pragmas.GetFileContents (took 0.00s)
2022-01-06 20:44:13.125632917 [ThreadId 2703] INFO hls:	finish: GhcideCodeActions.getIdeOptions (took 0.00s)
2022-01-06 20:44:13.125688473 [ThreadId 2713] INFO hls:	finish: GhcideCodeActions.GetAnnotatedParsedSource (took 0.00s)
2022-01-06 20:44:13.125776267 [ThreadId 2711] INFO hls:	finish: GhcideCodeActions.GetBindings (took 0.00s)
2022-01-06 20:44:13.125829965 [ThreadId 2712] INFO hls:	finish: GhcideCodeActions.GetParsedModule (took 0.00s)
2022-01-06 20:44:13.125977903 [ThreadId 2714] INFO hls:	finish: GhcideCodeActions.GetParsedModule (took 0.00s)
2022-01-06 20:44:13.126370446 [ThreadId 2716] INFO hls:	finish: GhcideCodeActions.GetParsedModule (took 0.00s)
2022-01-06 20:44:13.12652438 [ThreadId 2718] INFO hls:	finish: GhcideCodeActions.GetFileContents (took 0.00s)
2022-01-06 20:44:13.126621851 [ThreadId 2720] INFO hls:	finish: GhcideCodeActions.GetAnnotatedParsedSource (took 0.00s)
2022-01-06 20:44:13.127002191 [ThreadId 2722] INFO hls:	finish: GhcideCodeActions.GetFileContents (took 0.00s)
2022-01-06 20:44:13.127939562 [ThreadId 2724] INFO hls:	finish: GhcideCodeActions.TypeCheck (took 0.00s)
2022-01-06 20:44:13.128083454 [ThreadId 2726] INFO hls:	finish: GhcideCodeActions.GetHieAst (took 0.00s)
2022-01-06 20:44:13.128562662 [ThreadId 2728] INFO hls:	finish: GhcideCodeActions.getParsedModule (took 0.00s)
2022-01-06 20:44:13.588997696 [ThreadId 2884] INFO hls:	finish: codeLens.TypeCheck (took 0.00s)
2022-01-06 20:44:13.589121827 [ThreadId 2893] INFO hls:	finish: codeLens.GetBindings (took 0.00s)
2022-01-06 20:44:13.589232085 [ThreadId 2891] INFO hls:	finish: ModuleName.ghcSession (took 0.00s)
2022-01-06 20:44:13.589360424 [ThreadId 2901] INFO hls:	finish:  (took 0.00s)
2022-01-06 20:44:13.589375479 [ThreadId 2899] INFO hls:	finish: eval.GetParsedModuleWithComments (took 0.00s)
2022-01-06 20:44:13.589530329 [ThreadId 2897] INFO hls:	finish: ModuleName.GetParsedModule (took 0.00s)
2022-01-06 20:44:13.589555406 [ThreadId 2902] INFO hls:	finish: codeLens.GetGlobalBindingTypeSigs (took 0.00s)
2022-01-06 20:44:13.600423362 [ThreadId 2916] INFO hls:	finish: GhcideCodeActions.GetFileContents (took 0.00s)
2022-01-06 20:44:13.600463597 [ThreadId 2918] INFO hls:	finish: GhcideCodeActions.GetGlobalBindingTypeSigs (took 0.00s)
2022-01-06 20:44:13.600930212 [ThreadId 2924] INFO hls:	finish: HaddockComments.GetAnnotatedParsedSource (took 0.00s)
2022-01-06 20:44:13.601008366 [ThreadId 2920] INFO hls:	finish: GhcideCodeActions.GhcSession (took 0.00s)
2022-01-06 20:44:13.601146722 [ThreadId 2925] INFO hls:	finish: Pragmas.GetParsedModule (took 0.00s)
2022-01-06 20:44:13.601231718 [ThreadId 2927] INFO hls:	finish: importLens (took 0.00s)
2022-01-06 20:44:13.601283581 [ThreadId 2931] INFO hls:	finish: GhcideCodeActions.GetAnnotatedParsedSource (took 0.00s)
2022-01-06 20:44:13.601303771 [ThreadId 2929] INFO hls:	finish: retrie (took 0.00s)
2022-01-06 20:44:13.601322151 [ThreadId 2935] INFO hls:	finish: GhcideCodeActions.GetAnnotatedParsedSource (took 0.00s)
2022-01-06 20:44:13.601401194 [ThreadId 2934] INFO hls:	finish: Pragmas.GetFileContents (took 0.00s)
2022-01-06 20:44:13.601418863 [ThreadId 2936] INFO hls:	finish: GhcideCodeActions.getIdeOptions (took 0.00s)
2022-01-06 20:44:13.601369783 [ThreadId 2933] INFO hls:	finish: GhcideCodeActions.TypeCheck (took 0.00s)
2022-01-06 20:44:13.601493335 [ThreadId 2939] INFO hls:	finish: GhcideCodeActions.GetBindings (took 0.00s)
2022-01-06 20:44:13.6014763 [ThreadId 2937] INFO hls:	finish: GhcideCodeActions.GetParsedModule (took 0.00s)
2022-01-06 20:44:13.601570893 [ThreadId 2940] INFO hls:	finish: GhcideCodeActions.GetParsedModule (took 0.00s)
2022-01-06 20:44:13.601596352 [ThreadId 2942] INFO hls:	finish: GhcideCodeActions.GetFileContents (took 0.00s)
2022-01-06 20:44:13.601624779 [ThreadId 2944] INFO hls:	finish: GhcideCodeActions.GetParsedModule (took 0.00s)
2022-01-06 20:44:13.601761748 [ThreadId 2946] INFO hls:	finish: GhcideCodeActions.GetAnnotatedParsedSource (took 0.00s)
2022-01-06 20:44:13.601810196 [ThreadId 2948] INFO hls:	finish: GhcideCodeActions.GetFileContents (took 0.00s)
2022-01-06 20:44:13.601872726 [ThreadId 2950] INFO hls:	finish: GhcideCodeActions.TypeCheck (took 0.00s)
2022-01-06 20:44:13.601918737 [ThreadId 2952] INFO hls:	finish: GhcideCodeActions.GetHieAst (took 0.00s)
2022-01-06 20:44:13.602095238 [ThreadId 2954] INFO hls:	finish: GhcideCodeActions.getParsedModule (took 0.00s)
2022-01-06 20:44:13.689818299 [ThreadId 2961] INFO hls:	finish: Outline (took 0.00s)
2022-01-06 20:44:15.718364661 [ThreadId 3188] INFO hls:	finish: codeLens.TypeCheck (took 0.00s)
2022-01-06 20:44:15.719117862 [ThreadId 3195] INFO hls:	finish: ModuleName.ghcSession (took 0.00s)
2022-01-06 20:44:15.719905888 [ThreadId 3195] INFO hls:	finish:  (took 0.00s)
2022-01-06 20:44:15.719928104 [ThreadId 3198] INFO hls:	finish: codeLens.GetBindings (took 0.00s)
2022-01-06 20:44:15.720245183 [ThreadId 3200] INFO hls:	finish: ModuleName.GetParsedModule (took 0.00s)
2022-01-06 20:44:15.721325739 [ThreadId 3206] INFO hls:	finish: codeLens.GetGlobalBindingTypeSigs (took 0.00s)
2022-01-06 20:44:15.721329067 [ThreadId 3205] INFO hls:	finish: eval.GetParsedModuleWithComments (took 0.00s)
2022-01-06 20:44:15.725920667 [ThreadId 3220] INFO hls:	finish: GhcideCodeActions.GetFileContents (took 0.00s)
2022-01-06 20:44:15.725945917 [ThreadId 3222] INFO hls:	finish: GhcideCodeActions.GetGlobalBindingTypeSigs (took 0.00s)
2022-01-06 20:44:15.726196112 [ThreadId 3227] INFO hls:	finish: Pragmas.GetParsedModule (took 0.00s)
2022-01-06 20:44:15.726297588 [ThreadId 3225] INFO hls:	finish: retrie (took 0.00s)
2022-01-06 20:44:15.726356535 [ThreadId 3220] INFO hls:	finish: importLens (took 0.00s)
2022-01-06 20:44:15.726424754 [ThreadId 3226] INFO hls:	finish: GhcideCodeActions.GhcSession (took 0.00s)
2022-01-06 20:44:15.726577764 [ThreadId 3222] INFO hls:	finish: GhcideCodeActions.TypeCheck (took 0.00s)
2022-01-06 20:44:15.726796539 [ThreadId 3227] INFO hls:	finish: Pragmas.GetFileContents (took 0.00s)
2022-01-06 20:44:15.726828024 [ThreadId 3228] INFO hls:	finish: GhcideCodeActions.GetBindings (took 0.00s)
2022-01-06 20:44:15.726893456 [ThreadId 3220] INFO hls:	finish: GhcideCodeActions.GetAnnotatedParsedSource (took 0.00s)
2022-01-06 20:44:15.726913867 [ThreadId 3229] INFO hls:	finish: HaddockComments.GetAnnotatedParsedSource (took 0.00s)
2022-01-06 20:44:15.726983257 [ThreadId 3224] INFO hls:	finish: GhcideCodeActions.GetParsedModule (took 0.00s)
2022-01-06 20:44:15.727142925 [ThreadId 3233] INFO hls:	finish: GhcideCodeActions.GetParsedModule (took 0.00s)
2022-01-06 20:44:15.727132894 [ThreadId 3230] INFO hls:	finish: GhcideCodeActions.GetAnnotatedParsedSource (took 0.00s)
2022-01-06 20:44:15.727082681 [ThreadId 3231] INFO hls:	finish: GhcideCodeActions.GetAnnotatedParsedSource (took 0.00s)
2022-01-06 20:44:15.72726842 [ThreadId 3233] INFO hls:	finish: GhcideCodeActions.getIdeOptions (took 0.00s)
2022-01-06 20:44:15.727261614 [ThreadId 3235] INFO hls:	finish: GhcideCodeActions.GetFileContents (took 0.00s)
2022-01-06 20:44:15.727288217 [ThreadId 3237] INFO hls:	finish: GhcideCodeActions.GetFileContents (took 0.00s)
2022-01-06 20:44:15.727401492 [ThreadId 3238] INFO hls:	finish: GhcideCodeActions.GetParsedModule (took 0.00s)
2022-01-06 20:44:15.728003301 [ThreadId 3240] INFO hls:	finish: GhcideCodeActions.TypeCheck (took 0.00s)
2022-01-06 20:44:15.728114447 [ThreadId 3242] INFO hls:	finish: GhcideCodeActions.GetHieAst (took 0.00s)
2022-01-06 20:44:15.728528043 [ThreadId 3244] INFO hls:	finish: GhcideCodeActions.getParsedModule (took 0.00s)
2022-01-06 20:44:15.818077251 [ThreadId 3251] INFO hls:	finish: Outline (took 0.00s)
2022-01-06 20:44:16.364826929 [ThreadId 3316] INFO hls:	finish: codeLens.TypeCheck (took 0.00s)
2022-01-06 20:44:16.365203707 [ThreadId 3322] INFO hls:	finish: ModuleName.ghcSession (took 0.00s)
2022-01-06 20:44:16.36606344 [ThreadId 3326] INFO hls:	finish: ModuleName.GetParsedModule (took 0.00s)
2022-01-06 20:44:16.366198897 [ThreadId 3328] INFO hls:	finish:  (took 0.00s)
2022-01-06 20:44:16.366271287 [ThreadId 3329] INFO hls:	finish: codeLens.GetBindings (took 0.00s)
2022-01-06 20:44:16.366385976 [ThreadId 3330] INFO hls:	finish: eval.GetParsedModuleWithComments (took 0.00s)
2022-01-06 20:44:16.367019853 [ThreadId 3334] INFO hls:	finish: codeLens.GetGlobalBindingTypeSigs (took 0.00s)
2022-01-06 20:44:16.375643152 [ThreadId 3350] INFO hls:	finish: GhcideCodeActions.GhcSession (took 0.00s)
2022-01-06 20:44:16.375722757 [ThreadId 3352] INFO hls:	finish: GhcideCodeActions.GetGlobalBindingTypeSigs (took 0.00s)
2022-01-06 20:44:16.375874068 [ThreadId 3354] INFO hls:	finish: GhcideCodeActions.GetFileContents (took 0.00s)
2022-01-06 20:44:16.375931966 [ThreadId 3348] INFO hls:	finish: importLens (took 0.00s)
2022-01-06 20:44:16.375952858 [ThreadId 3355] INFO hls:	finish: HaddockComments.GetAnnotatedParsedSource (took 0.00s)
2022-01-06 20:44:16.376013717 [ThreadId 3356] INFO hls:	finish: Pragmas.GetParsedModule (took 0.00s)
2022-01-06 20:44:16.376093326 [ThreadId 3350] INFO hls:	finish: retrie (took 0.00s)
2022-01-06 20:44:16.376127278 [ThreadId 3352] INFO hls:	finish: GhcideCodeActions.GetAnnotatedParsedSource (took 0.00s)
2022-01-06 20:44:16.376174691 [ThreadId 3354] INFO hls:	finish: GhcideCodeActions.TypeCheck (took 0.00s)
2022-01-06 20:44:16.376276201 [ThreadId 3348] INFO hls:	finish: Pragmas.GetFileContents (took 0.00s)
2022-01-06 20:44:16.37642018 [ThreadId 3356] INFO hls:	finish: GhcideCodeActions.GetBindings (took 0.00s)
2022-01-06 20:44:16.376573699 [ThreadId 3355] INFO hls:	finish: GhcideCodeActions.GetParsedModule (took 0.00s)
2022-01-06 20:44:16.376546942 [ThreadId 3350] INFO hls:	finish: GhcideCodeActions.GetParsedModule (took 0.00s)
2022-01-06 20:44:16.376704657 [ThreadId 3352] INFO hls:	finish: GhcideCodeActions.GetFileContents (took 0.00s)
2022-01-06 20:44:16.377032634 [ThreadId 3354] INFO hls:	finish: GhcideCodeActions.GetAnnotatedParsedSource (took 0.00s)
2022-01-06 20:44:16.37721865 [ThreadId 3348] INFO hls:	finish: GhcideCodeActions.GetFileContents (took 0.00s)
2022-01-06 20:44:16.377636667 [ThreadId 3355] INFO hls:	finish: GhcideCodeActions.GetAnnotatedParsedSource (took 0.00s)
2022-01-06 20:44:16.378717113 [ThreadId 3357] INFO hls:	finish: GhcideCodeActions.getIdeOptions (took 0.00s)
2022-01-06 20:44:16.378876949 [ThreadId 3359] INFO hls:	finish: GhcideCodeActions.TypeCheck (took 0.00s)
2022-01-06 20:44:16.379118116 [ThreadId 3361] INFO hls:	finish: GhcideCodeActions.GetHieAst (took 0.00s)
2022-01-06 20:44:16.379215622 [ThreadId 3363] INFO hls:	finish: GhcideCodeActions.GetParsedModule (took 0.00s)
2022-01-06 20:44:16.379670103 [ThreadId 3365] INFO hls:	finish: GhcideCodeActions.getParsedModule (took 0.00s)
2022-01-06 20:44:16.464609678 [ThreadId 3372] INFO hls:	finish: Outline (took 0.00s)
2022-01-06 20:44:17.556003202 [ThreadId 3500] INFO hls:	finish: codeLens.TypeCheck (took 0.00s)
2022-01-06 20:44:17.556001659 [ThreadId 3504] INFO hls:	finish: ModuleName.ghcSession (took 0.00s)
2022-01-06 20:44:17.556034745 [ThreadId 3506] INFO hls:	finish: ModuleName.GetParsedModule (took 0.00s)
2022-01-06 20:44:17.556118854 [ThreadId 3508] INFO hls:	finish:  (took 0.00s)
2022-01-06 20:44:17.556242216 [ThreadId 3507] INFO hls:	finish: Pragmas.GetParsedModule (took 0.00s)
2022-01-06 20:44:17.556260355 [ThreadId 3500] INFO hls:	finish: retrie (took 0.00s)
2022-01-06 20:44:17.556319047 [ThreadId 3508] INFO hls:	finish: GhcideCodeActions.getParsedModule (took 0.00s)
2022-01-06 20:44:17.556353959 [ThreadId 3507] INFO hls:	finish: importLens (took 0.00s)
2022-01-06 20:44:17.556510054 [ThreadId 3506] INFO hls:	finish: Pragmas.GetFileContents (took 0.00s)
2022-01-06 20:44:17.556543973 [ThreadId 3524] INFO hls:	finish: eval.GetParsedModuleWithComments (took 0.00s)
2022-01-06 20:44:17.556580946 [ThreadId 3526] INFO hls:	finish: codeLens.GetBindings (took 0.00s)
2022-01-06 20:44:17.556672744 [ThreadId 3529] INFO hls:	finish: HaddockComments.GetAnnotatedParsedSource (took 0.00s)
2022-01-06 20:44:17.556825007 [ThreadId 3534] INFO hls:	finish: codeLens.GetGlobalBindingTypeSigs (took 0.00s)
2022-01-06 20:44:17.654313444 [ThreadId 3540] INFO hls:	finish: Outline (took 0.00s)
2022-01-06 20:44:18.086824825 [ThreadId 3609] INFO hls:	finish: codeLens.TypeCheck (took 0.00s)
2022-01-06 20:44:18.087422959 [ThreadId 3615] INFO hls:	finish: ModuleName.ghcSession (took 0.00s)
2022-01-06 20:44:18.087699569 [ThreadId 3615] INFO hls:	finish:  (took 0.00s)
2022-01-06 20:44:18.087816589 [ThreadId 3631] INFO hls:	finish: Pragmas.GetParsedModule (took 0.00s)
2022-01-06 20:44:18.087898615 [ThreadId 3616] INFO hls:	finish: GhcideCodeActions.getParsedModule (took 0.00s)
2022-01-06 20:44:18.087934144 [ThreadId 3629] INFO hls:	finish: retrie (took 0.00s)
2022-01-06 20:44:18.087962377 [ThreadId 3615] INFO hls:	finish: ModuleName.GetParsedModule (took 0.00s)
2022-01-06 20:44:18.08800963 [ThreadId 3631] INFO hls:	finish: importLens (took 0.00s)
2022-01-06 20:44:18.088026319 [ThreadId 3616] INFO hls:	finish: Pragmas.GetFileContents (took 0.00s)
2022-01-06 20:44:18.088180136 [ThreadId 3634] INFO hls:	finish: codeLens.GetBindings (took 0.00s)
2022-01-06 20:44:18.088258267 [ThreadId 3635] INFO hls:	finish: eval.GetParsedModuleWithComments (took 0.00s)
2022-01-06 20:44:18.088323128 [ThreadId 3641] INFO hls:	finish: HaddockComments.GetAnnotatedParsedSource (took 0.00s)
2022-01-06 20:44:18.088397105 [ThreadId 3643] INFO hls:	finish: codeLens.GetGlobalBindingTypeSigs (took 0.00s)
2022-01-06 20:44:18.187052161 [ThreadId 3650] INFO hls:	finish: Outline (took 0.00s)
2022-01-06 20:44:19.567923634 [ThreadId 4206] INFO hls:	finish: codeLens.TypeCheck (took 0.00s)
2022-01-06 20:44:19.568355286 [ThreadId 4213] INFO hls:	finish: ModuleName.ghcSession (took 0.00s)
2022-01-06 20:44:19.569104208 [ThreadId 4217] INFO hls:	finish: ModuleName.GetParsedModule (took 0.00s)
2022-01-06 20:44:19.569373779 [ThreadId 4220] INFO hls:	finish:  (took 0.00s)
2022-01-06 20:44:19.569482098 [ThreadId 4222] INFO hls:	finish: eval.GetParsedModuleWithComments (took 0.00s)
2022-01-06 20:44:19.569571535 [ThreadId 4223] INFO hls:	finish: codeLens.GetBindings (took 0.00s)
2022-01-06 20:44:19.569938002 [ThreadId 4228] INFO hls:	finish: codeLens.GetGlobalBindingTypeSigs (took 0.00s)
2022-01-06 20:44:19.570185648 [ThreadId 4244] INFO hls:	finish: retrie (took 0.00s)
2022-01-06 20:44:19.570192246 [ThreadId 4246] INFO hls:	finish: importLens (took 0.00s)
2022-01-06 20:44:19.570249101 [ThreadId 4248] INFO hls:	finish: Pragmas.GetParsedModule (took 0.00s)
2022-01-06 20:44:19.570351023 [ThreadId 4251] INFO hls:	finish: HaddockComments.GetAnnotatedParsedSource (took 0.00s)
2022-01-06 20:44:19.57042064 [ThreadId 4254] INFO hls:	finish: Pragmas.GetFileContents (took 0.00s)
2022-01-06 20:44:19.570473984 [ThreadId 4252] INFO hls:	finish: GhcideCodeActions.getParsedModule (took 0.00s)
2022-01-06 20:44:19.669157495 [ThreadId 4261] INFO hls:	finish: Outline (took 0.00s)
2022-01-06 20:44:20.217400044 [ThreadId 4331] INFO hls:	finish: codeLens.TypeCheck (took 0.00s)
2022-01-06 20:44:20.217675117 [ThreadId 4337] INFO hls:	finish: ModuleName.ghcSession (took 0.00s)
2022-01-06 20:44:20.21841224 [ThreadId 4331] INFO hls:	finish: GhcideCodeActions.getParsedModule (took 0.00s)
2022-01-06 20:44:20.218880404 [ThreadId 4331] INFO hls:	finish: codeLens.GetBindings (took 0.00s)
2022-01-06 20:44:20.219395854 [ThreadId 4346] INFO hls:	finish: Pragmas.GetParsedModule (took 0.00s)
2022-01-06 20:44:20.219568566 [ThreadId 4345] INFO hls:	finish: eval.GetParsedModuleWithComments (took 0.00s)
2022-01-06 20:44:20.2201047 [ThreadId 4353] INFO hls:	finish: importLens (took 0.00s)
2022-01-06 20:44:20.220534359 [ThreadId 4357] INFO hls:	finish:  (took 0.00s)
2022-01-06 20:44:20.220565939 [ThreadId 4337] INFO hls:	finish: retrie (took 0.00s)
2022-01-06 20:44:20.220706152 [ThreadId 4359] INFO hls:	finish: HaddockComments.GetAnnotatedParsedSource (took 0.00s)
2022-01-06 20:44:20.220732681 [ThreadId 4358] INFO hls:	finish: ModuleName.GetParsedModule (took 0.00s)
2022-01-06 20:44:20.220940946 [ThreadId 4355] INFO hls:	finish: Pragmas.GetFileContents (took 0.00s)
2022-01-06 20:44:20.221261093 [ThreadId 4364] INFO hls:	finish: codeLens.GetGlobalBindingTypeSigs (took 0.00s)
2022-01-06 20:44:20.539877052 [ThreadId 4450] INFO hls:	finish: codeLens.TypeCheck (took 0.00s)
2022-01-06 20:44:20.540229203 [ThreadId 4457] INFO hls:	finish: ModuleName.ghcSession (took 0.00s)
2022-01-06 20:44:20.540803403 [ThreadId 4460] INFO hls:	finish: ModuleName.GetParsedModule (took 0.00s)
2022-01-06 20:44:20.5410245 [ThreadId 4464] INFO hls:	finish:  (took 0.00s)
2022-01-06 20:44:20.541183505 [ThreadId 4466] INFO hls:	finish: eval.GetParsedModuleWithComments (took 0.00s)
2022-01-06 20:44:20.541399804 [ThreadId 4479] INFO hls:	finish: codeLens.GetBindings (took 0.00s)
2022-01-06 20:44:20.541542211 [ThreadId 4480] INFO hls:	finish: Pragmas.GetParsedModule (took 0.00s)
2022-01-06 20:44:20.541570468 [ThreadId 4482] INFO hls:	finish: importLens (took 0.00s)
2022-01-06 20:44:20.541564475 [ThreadId 4484] INFO hls:	finish: retrie (took 0.00s)
2022-01-06 20:44:20.541663278 [ThreadId 4488] INFO hls:	finish: GhcideCodeActions.getParsedModule (took 0.00s)
2022-01-06 20:44:20.541729742 [ThreadId 4487] INFO hls:	finish: Pragmas.GetFileContents (took 0.00s)
2022-01-06 20:44:20.541779456 [ThreadId 4492] INFO hls:	finish: codeLens.GetGlobalBindingTypeSigs (took 0.00s)
2022-01-06 20:44:20.541788079 [ThreadId 4493] INFO hls:	finish: HaddockComments.GetAnnotatedParsedSource (took 0.00s)
2022-01-06 20:44:20.639560645 [ThreadId 4500] INFO hls:	finish: Outline (took 0.00s)
2022-01-06 20:44:21.373258387 [ThreadId 4690] INFO hls:	finish: codeLens.TypeCheck (took 0.00s)
2022-01-06 20:44:21.373551671 [ThreadId 4697] INFO hls:	finish: ModuleName.ghcSession (took 0.00s)
2022-01-06 20:44:21.373981641 [ThreadId 4702] INFO hls:	finish: ModuleName.GetParsedModule (took 0.00s)
2022-01-06 20:44:21.374027196 [ThreadId 4712] INFO hls:	finish:  (took 0.00s)
2022-01-06 20:44:21.374050281 [ThreadId 4711] INFO hls:	finish: eval.GetParsedModuleWithComments (took 0.00s)
2022-01-06 20:44:21.374242281 [ThreadId 4722] INFO hls:	finish: codeLens.GetBindings (took 0.00s)
2022-01-06 20:44:21.374249995 [ThreadId 4720] INFO hls:	finish: Pragmas.GetParsedModule (took 0.00s)
2022-01-06 20:44:21.374269196 [ThreadId 4721] INFO hls:	finish: retrie (took 0.00s)
2022-01-06 20:44:21.374359359 [ThreadId 4726] INFO hls:	finish: importLens (took 0.00s)
2022-01-06 20:44:21.374441989 [ThreadId 4734] INFO hls:	finish: HaddockComments.GetAnnotatedParsedSource (took 0.00s)
2022-01-06 20:44:21.374405641 [ThreadId 4728] INFO hls:	finish: GhcideCodeActions.getParsedModule (took 0.00s)
2022-01-06 20:44:21.374475168 [ThreadId 4735] INFO hls:	finish: Pragmas.GetFileContents (took 0.00s)
2022-01-06 20:44:21.374541921 [ThreadId 4740] INFO hls:	finish: codeLens.GetGlobalBindingTypeSigs (took 0.00s)
2022-01-06 20:44:21.473194058 [ThreadId 4746] INFO hls:	finish: Outline (took 0.00s)
2022-01-06 20:44:21.793720646 [ThreadId 4761] INFO hls:	finish: HaddockComments.GetAnnotatedParsedSource (took 0.00s)
2022-01-06 20:44:21.793793196 [ThreadId 4769] INFO hls:	finish: retrie (took 0.00s)
2022-01-06 20:44:21.79374594 [ThreadId 4763] INFO hls:	finish: Pragmas.GetParsedModule (took 0.00s)
2022-01-06 20:44:21.79391685 [ThreadId 4767] INFO hls:	finish: importLens (took 0.00s)
2022-01-06 20:44:21.794113604 [ThreadId 4761] INFO hls:	finish: Pragmas.GetFileContents (took 0.00s)
2022-01-06 20:44:21.794057945 [ThreadId 4765] INFO hls:	finish: GhcideCodeActions.getParsedModule (took 0.00s)
2022-01-06 20:44:22.633227808 [ThreadId 4838] INFO hls:	finish: codeLens.TypeCheck (took 0.00s)
2022-01-06 20:44:22.633726225 [ThreadId 4844] INFO hls:	finish: ModuleName.ghcSession (took 0.00s)
2022-01-06 20:44:22.634616211 [ThreadId 4851] INFO hls:	finish:  (took 0.00s)
2022-01-06 20:44:22.634679886 [ThreadId 4850] INFO hls:	finish: ModuleName.GetParsedModule (took 0.00s)
2022-01-06 20:44:22.635006396 [ThreadId 4851] INFO hls:	finish: eval.GetParsedModuleWithComments (took 0.00s)
2022-01-06 20:44:22.635129144 [ThreadId 4853] INFO hls:	finish: codeLens.GetBindings (took 0.00s)
2022-01-06 20:44:22.635655615 [ThreadId 4858] INFO hls:	finish: codeLens.GetGlobalBindingTypeSigs (took 0.00s)
2022-01-06 20:44:22.734486041 [ThreadId 4864] INFO hls:	finish: Outline (took 0.00s)
2022-01-06 20:44:23.248506735 [ThreadId 4934] INFO hls:	finish: codeLens.TypeCheck (took 0.00s)
2022-01-06 20:44:23.248768622 [ThreadId 4940] INFO hls:	finish: ModuleName.ghcSession (took 0.00s)
2022-01-06 20:44:23.25018478 [ThreadId 4944] INFO hls:	finish: ModuleName.GetParsedModule (took 0.00s)
2022-01-06 20:44:23.250316846 [ThreadId 4943] INFO hls:	finish:  (took 0.00s)
2022-01-06 20:44:23.25051467 [ThreadId 4939] INFO hls:	finish: eval.GetParsedModuleWithComments (took 0.00s)
2022-01-06 20:44:23.250359485 [ThreadId 4960] INFO hls:	finish: GhcideCodeActions.getParsedModule (took 0.00s)
2022-01-06 20:44:23.250672612 [ThreadId 4945] INFO hls:	finish: retrie (took 0.00s)
2022-01-06 20:44:23.250702469 [ThreadId 4943] INFO hls:	finish: Pragmas.GetParsedModule (took 0.00s)
2022-01-06 20:44:23.25081824 [ThreadId 4946] INFO hls:	finish: codeLens.GetBindings (took 0.00s)
2022-01-06 20:44:23.250943494 [ThreadId 4939] INFO hls:	finish: importLens (took 0.00s)
2022-01-06 20:44:23.250969383 [ThreadId 4944] INFO hls:	finish: HaddockComments.GetAnnotatedParsedSource (took 0.00s)
2022-01-06 20:44:23.25122146 [ThreadId 4960] INFO hls:	finish: Pragmas.GetFileContents (took 0.00s)
2022-01-06 20:44:23.252123267 [ThreadId 4965] INFO hls:	finish: codeLens.GetGlobalBindingTypeSigs (took 0.00s)
2022-01-06 20:44:23.347566559 [ThreadId 4971] INFO hls:	finish: Outline (took 0.00s)
2022-01-06 20:44:24.225152222 [ThreadId 5019] INFO hls:	Typechecking reverse dependencies for NormalizedFilePath "/home/vvcaw/dev/BWINF/Aufgabe2/Main.hs": Just []
2022-01-06 20:44:32.783236583 [ThreadId 5107] INFO hls:	finish: codeLens.TypeCheck (took 0.00s)
2022-01-06 20:44:32.783440803 [ThreadId 5111] INFO hls:	finish: ModuleName.ghcSession (took 0.00s)
2022-01-06 20:44:32.783629743 [ThreadId 5117] INFO hls:	finish: ModuleName.GetParsedModule (took 0.00s)
2022-01-06 20:44:32.783943814 [ThreadId 5125] INFO hls:	finish:  (took 0.00s)
2022-01-06 20:44:32.783919525 [ThreadId 5122] INFO hls:	finish: eval.GetParsedModuleWithComments (took 0.00s)
2022-01-06 20:44:32.78397155 [ThreadId 5126] INFO hls:	finish: codeLens.GetBindings (took 0.00s)
2022-01-06 20:44:32.784098879 [ThreadId 5131] INFO hls:	finish: codeLens.GetGlobalBindingTypeSigs (took 0.00s)
2022-01-06 20:44:36.4850633 [ThreadId 5140] INFO hls:	finish: codeLens.TypeCheck (took 0.00s)
2022-01-06 20:44:36.485123815 [ThreadId 5142] INFO hls:	finish: eval.GetParsedModuleWithComments (took 0.00s)
2022-01-06 20:44:36.485182135 [ThreadId 5144] INFO hls:	finish:  (took 0.00s)
2022-01-06 20:44:36.485418822 [ThreadId 5148] INFO hls:	finish: codeLens.GetBindings (took 0.00s)
2022-01-06 20:44:36.485438112 [ThreadId 5146] INFO hls:	finish: ModuleName.ghcSession (took 0.00s)
2022-01-06 20:44:36.485460157 [ThreadId 5150] INFO hls:	finish: codeLens.GetGlobalBindingTypeSigs (took 0.00s)
2022-01-06 20:44:36.485471682 [ThreadId 5152] INFO hls:	finish: ModuleName.GetParsedModule (took 0.00s)
2022-01-06 20:44:52.417116879 [ThreadId 5164] INFO hls:	finish: eval.GetParsedModuleWithComments (took 0.00s)
2022-01-06 20:44:52.417135838 [ThreadId 5162] INFO hls:	finish: codeLens.TypeCheck (took 0.00s)
2022-01-06 20:44:52.417249696 [ThreadId 5166] INFO hls:	finish:  (took 0.00s)
2022-01-06 20:44:52.417459509 [ThreadId 5168] INFO hls:	finish: ModuleName.ghcSession (took 0.00s)
2022-01-06 20:44:52.417678136 [ThreadId 5170] INFO hls:	finish: codeLens.GetBindings (took 0.00s)
2022-01-06 20:44:52.418112053 [ThreadId 5174] INFO hls:	finish: codeLens.GetGlobalBindingTypeSigs (took 0.00s)
2022-01-06 20:44:52.418206548 [ThreadId 5172] INFO hls:	finish: ModuleName.GetParsedModule (took 0.00s)
2022-01-06 20:44:53.505608389 [ThreadId 5183] INFO hls:	finish: codeLens.TypeCheck (took 0.00s)
2022-01-06 20:44:53.505684199 [ThreadId 5185] INFO hls:	finish: eval.GetParsedModuleWithComments (took 0.00s)
2022-01-06 20:44:53.505750484 [ThreadId 5189] INFO hls:	finish: ModuleName.ghcSession (took 0.00s)
2022-01-06 20:44:53.505849126 [ThreadId 5191] INFO hls:	finish: codeLens.GetBindings (took 0.00s)
2022-01-06 20:44:53.505888368 [ThreadId 5187] INFO hls:	finish:  (took 0.00s)
2022-01-06 20:44:53.505905426 [ThreadId 5190] INFO hls:	finish: codeLens.GetGlobalBindingTypeSigs (took 0.00s)
2022-01-06 20:44:53.505912271 [ThreadId 5183] INFO hls:	finish: ModuleName.GetParsedModule (took 0.00s)
